TN:
SF:db.js
FN:4,(anonymous_0)
FN:7,(anonymous_1)
FNF:2
FNH:1
FNDA:1,(anonymous_0)
FNDA:0,(anonymous_1)
DA:1,1
DA:3,1
DA:5,1
DA:8,0
LF:4
LH:3
BRF:0
BRH:0
end_of_record
TN:
SF:server.js
FN:31,(anonymous_0)
FN:47,(anonymous_1)
FNF:2
FNH:1
FNDA:3,(anonymous_0)
FNDA:0,(anonymous_1)
DA:1,1
DA:2,1
DA:3,1
DA:4,1
DA:5,1
DA:6,1
DA:7,1
DA:9,1
DA:12,1
DA:13,1
DA:15,1
DA:18,1
DA:19,1
DA:20,1
DA:22,1
DA:27,1
DA:28,1
DA:29,1
DA:31,1
DA:32,3
DA:33,3
DA:38,1
DA:39,1
DA:46,1
DA:47,0
DA:48,0
DA:52,1
LF:27
LH:25
BRDA:15,0,0,1
BRDA:15,0,1,0
BRDA:46,1,0,0
BRDA:46,1,1,1
BRF:4
BRH:2
end_of_record
TN:
SF:config\passport.js
FN:12,(anonymous_0)
FN:34,(anonymous_1)
FN:39,(anonymous_2)
FNF:3
FNH:0
FNDA:0,(anonymous_0)
FNDA:0,(anonymous_1)
FNDA:0,(anonymous_2)
DA:1,1
DA:2,1
DA:3,1
DA:5,1
DA:13,0
DA:14,0
DA:15,0
DA:16,0
DA:17,0
DA:23,0
DA:25,0
DA:27,0
DA:34,1
DA:35,0
DA:39,1
DA:40,0
DA:41,0
DA:42,0
DA:44,0
LF:19
LH:6
BRDA:16,0,0,0
BRDA:16,0,1,0
BRF:2
BRH:0
end_of_record
TN:
SF:controlllers\post.js
FN:5,(anonymous_0)
FN:37,(anonymous_1)
FN:55,(anonymous_2)
FN:72,(anonymous_3)
FN:103,(anonymous_4)
FN:127,(anonymous_5)
FN:139,(anonymous_6)
FN:157,(anonymous_7)
FNF:8
FNH:0
FNDA:0,(anonymous_0)
FNDA:0,(anonymous_1)
FNDA:0,(anonymous_2)
FNDA:0,(anonymous_3)
FNDA:0,(anonymous_4)
FNDA:0,(anonymous_5)
FNDA:0,(anonymous_6)
FNDA:0,(anonymous_7)
DA:1,1
DA:2,1
DA:3,1
DA:6,0
DA:7,0
DA:8,0
DA:9,0
DA:10,0
DA:11,0
DA:16,0
DA:25,0
DA:26,0
DA:30,0
DA:38,0
DA:39,0
DA:40,0
DA:46,0
DA:48,0
DA:56,0
DA:57,0
DA:61,0
DA:63,0
DA:65,0
DA:73,0
DA:74,0
DA:75,0
DA:76,0
DA:78,0
DA:79,0
DA:82,0
DA:83,0
DA:88,0
DA:89,0
DA:90,0
DA:91,0
DA:93,0
DA:94,0
DA:96,0
DA:104,0
DA:105,0
DA:106,0
DA:108,0
DA:109,0
DA:111,0
DA:112,0
DA:117,0
DA:118,0
DA:120,0
DA:128,0
DA:129,0
DA:130,0
DA:132,0
DA:133,0
DA:135,0
DA:136,0
DA:138,0
DA:139,0
DA:141,0
DA:144,0
DA:145,0
DA:150,0
DA:158,0
DA:159,0
DA:160,0
DA:161,0
DA:162,0
DA:164,0
DA:165,0
DA:167,0
DA:168,0
DA:170,0
DA:171,0
DA:172,0
DA:174,0
DA:179,0
DA:186,1
LF:76
LH:4
BRDA:9,0,0,0
BRDA:9,0,1,0
BRDA:10,1,0,0
BRDA:10,1,1,0
BRDA:10,2,0,0
BRDA:10,2,1,0
BRDA:39,3,0,0
BRDA:39,4,0,0
BRDA:61,5,0,0
BRDA:61,5,1,0
BRDA:79,6,0,0
BRDA:79,6,1,0
BRDA:82,7,0,0
BRDA:82,7,1,0
BRDA:88,8,0,0
BRDA:88,8,1,0
BRDA:89,9,0,0
BRDA:89,9,1,0
BRDA:90,10,0,0
BRDA:90,10,1,0
BRDA:91,11,0,0
BRDA:91,11,1,0
BRDA:109,12,0,0
BRDA:109,12,1,0
BRDA:111,13,0,0
BRDA:111,13,1,0
BRDA:136,14,0,0
BRDA:136,14,1,0
BRDA:138,15,0,0
BRDA:138,15,1,0
BRDA:164,16,0,0
BRDA:164,16,1,0
BRDA:168,17,0,0
BRDA:168,17,1,0
BRF:34
BRH:0
end_of_record
TN:
SF:controlllers\user.js
FN:6,(anonymous_0)
FN:28,(anonymous_1)
FN:58,(anonymous_2)
FN:90,(anonymous_3)
FNF:4
FNH:1
FNDA:0,(anonymous_0)
FNDA:3,(anonymous_1)
FNDA:0,(anonymous_2)
FNDA:0,(anonymous_3)
DA:1,1
DA:2,1
DA:3,1
DA:5,1
DA:7,0
DA:8,0
DA:9,0
DA:10,0
DA:11,0
DA:12,0
DA:15,0
DA:19,0
DA:21,0
DA:29,3
DA:30,3
DA:31,3
DA:32,1
DA:33,2
DA:34,2
DA:35,1
DA:38,1
DA:41,1
DA:47,1
DA:48,1
DA:51,1
DA:53,0
DA:59,0
DA:60,0
DA:61,0
DA:62,0
DA:63,0
DA:64,0
DA:69,0
DA:70,0
DA:71,0
DA:75,0
DA:77,0
DA:78,0
DA:80,0
DA:83,0
DA:85,0
DA:91,0
DA:92,0
DA:93,0
DA:94,0
DA:99,0
DA:104,1
LF:47
LH:17
BRDA:11,0,0,0
BRDA:11,0,1,0
BRDA:31,1,0,1
BRDA:31,1,1,2
BRDA:31,2,0,3
BRDA:31,2,1,2
BRDA:31,2,2,2
BRDA:34,3,0,1
BRDA:34,3,1,1
BRDA:63,4,0,0
BRDA:63,4,1,0
BRDA:63,5,0,0
BRDA:63,5,1,0
BRDA:70,6,0,0
BRDA:70,6,1,0
BRDA:77,7,0,0
BRDA:77,7,1,0
BRDA:93,8,0,0
BRDA:93,8,1,0
BRF:19
BRH:7
end_of_record
TN:
SF:middlewares\authMiddleware.js
FN:3,(anonymous_0)
FNF:1
FNH:0
FNDA:0,(anonymous_0)
DA:1,1
DA:3,1
DA:4,0
DA:5,0
DA:7,0
DA:8,0
DA:11,0
DA:12,0
DA:13,0
DA:14,0
DA:16,0
DA:20,1
LF:12
LH:3
BRDA:7,0,0,0
BRDA:7,0,1,0
BRF:2
BRH:0
end_of_record
TN:
SF:middlewares\uploadMiddleware.js
FN:12,(anonymous_0)
FN:15,(anonymous_1)
FNF:2
FNH:0
FNDA:0,(anonymous_0)
FNDA:0,(anonymous_1)
DA:1,1
DA:2,1
DA:5,1
DA:6,1
DA:7,1
DA:8,0
DA:11,1
DA:13,0
DA:16,0
DA:20,1
DA:22,1
LF:11
LH:8
BRDA:7,0,0,0
BRDA:7,0,1,1
BRF:2
BRH:1
end_of_record
TN:
SF:models\post.js
FNF:0
FNH:0
DA:1,1
DA:3,1
DA:43,1
DA:44,1
LF:4
LH:4
BRF:0
BRH:0
end_of_record
TN:
SF:models\user.js
FNF:0
FNH:0
DA:1,1
DA:3,1
DA:26,1
DA:28,1
LF:4
LH:4
BRF:0
BRH:0
end_of_record
TN:
SF:routes\post.js
FNF:0
FNH:0
DA:1,1
DA:2,1
DA:3,1
DA:4,1
DA:5,1
DA:7,1
DA:8,1
DA:9,1
DA:10,1
DA:11,1
DA:12,1
DA:13,1
DA:15,1
LF:13
LH:13
BRF:0
BRH:0
end_of_record
TN:
SF:routes\user.js
FN:17,(anonymous_0)
FNF:1
FNH:0
FNDA:0,(anonymous_0)
DA:1,1
DA:2,1
DA:3,1
DA:4,1
DA:5,1
DA:8,1
DA:12,1
DA:17,1
DA:18,0
DA:22,1
DA:23,1
DA:26,1
DA:28,1
LF:13
LH:12
BRF:0
BRH:0
end_of_record
